0 info it worked if it ends with ok
1 verbose cli [ '/usr/local/Cellar/node/0.10.26/bin/node',
1 verbose cli   '/usr/local/bin/npm',
1 verbose cli   'run-script',
1 verbose cli   'watch' ]
2 info using npm@1.4.3
3 info using node@v0.10.26
4 verbose run-script [ 'prewatch', 'watch', 'postwatch' ]
5 info prewatch module@0.1.0
6 info watch module@0.1.0
7 verbose unsafe-perm in lifecycle true
8 info module@0.1.0 Failed to exec watch script
9 error module@0.1.0 watch: `watchify src/module.js -d --s out -o dist/module.js -v`
9 error Exit status 8
10 error Failed at the module@0.1.0 watch script.
10 error This is most likely a problem with the module package,
10 error not with npm itself.
10 error Tell the author that this fails on your system:
10 error     watchify src/module.js -d --s out -o dist/module.js -v
10 error You can get their info via:
10 error     npm owner ls module
10 error There is likely additional logging output above.
11 error System Darwin 13.1.0
12 error command "/usr/local/Cellar/node/0.10.26/bin/node" "/usr/local/bin/npm" "run-script" "watch"
13 error cwd /Users/soenke/Developer/Workspaces/Github/js-module-template
14 error node -v v0.10.26
15 error npm -v 1.4.3
16 error code ELIFECYCLE
17 verbose exit [ 1, true ]
